0 info it worked if it ends with ok
1 verbose cli [ '/usr/bin/node',
1 verbose cli   '/usr/bin/npm',
1 verbose cli   'install',
1 verbose cli   '--save',
1 verbose cli   'mongodb-org' ]
2 info using npm@1.4.28
3 info using node@v0.10.32
4 verbose node symlink /usr/bin/node
5 verbose cache add [ 'mongodb-org', null ]
6 verbose cache add name=undefined spec="mongodb-org" args=["mongodb-org",null]
7 verbose parsed url { protocol: null,
7 verbose parsed url   slashes: null,
7 verbose parsed url   auth: null,
7 verbose parsed url   host: null,
7 verbose parsed url   port: null,
7 verbose parsed url   hostname: null,
7 verbose parsed url   hash: null,
7 verbose parsed url   search: null,
7 verbose parsed url   query: null,
7 verbose parsed url   pathname: 'mongodb-org',
7 verbose parsed url   path: 'mongodb-org',
7 verbose parsed url   href: 'mongodb-org' }
8 silly lockFile 808c6cca-mongodb-org mongodb-org
9 verbose lock mongodb-org /home/manuel/.npm/808c6cca-mongodb-org.lock
10 silly lockFile 808c6cca-mongodb-org mongodb-org
11 silly lockFile 808c6cca-mongodb-org mongodb-org
12 verbose addNamed [ 'mongodb-org', '' ]
13 verbose addNamed [ null, '*' ]
14 silly lockFile bf5f284d-mongodb-org mongodb-org@
15 verbose lock mongodb-org@ /home/manuel/.npm/bf5f284d-mongodb-org.lock
16 silly addNameRange { name: 'mongodb-org', range: '*', hasData: false }
17 verbose request where is /mongodb-org
18 verbose request registry https://registry.npmjs.org/
19 verbose request id 830bebbf45c02f7d
20 verbose url raw /mongodb-org
21 verbose url resolving [ 'https://registry.npmjs.org/', './mongodb-org' ]
22 verbose url resolved https://registry.npmjs.org/mongodb-org
23 verbose request where is https://registry.npmjs.org/mongodb-org
24 info trying registry request attempt 1 at 14:08:38
25 http GET https://registry.npmjs.org/mongodb-org
26 http 404 https://registry.npmjs.org/mongodb-org
27 verbose headers { date: 'Wed, 01 Oct 2014 12:08:39 GMT',
27 verbose headers   server: 'CouchDB/1.5.0 (Erlang OTP/R16B03)',
27 verbose headers   'content-type': 'application/json',
27 verbose headers   'cache-control': 'max-age=0',
27 verbose headers   'content-length': '52',
27 verbose headers   'accept-ranges': 'bytes',
27 verbose headers   via: '1.1 varnish',
27 verbose headers   age: '0',
27 verbose headers   'x-served-by': 'cache-lcy1131-LCY',
27 verbose headers   'x-cache': 'MISS',
27 verbose headers   'x-cache-hits': '0',
27 verbose headers   'x-timer': 'S1412165318.764501,VS0,VE654',
27 verbose headers   'keep-alive': 'timeout=10, max=50',
27 verbose headers   connection: 'Keep-Alive' }
28 silly registry.get cb [ 404,
28 silly registry.get   { date: 'Wed, 01 Oct 2014 12:08:39 GMT',
28 silly registry.get     server: 'CouchDB/1.5.0 (Erlang OTP/R16B03)',
28 silly registry.get     'content-type': 'application/json',
28 silly registry.get     'cache-control': 'max-age=0',
28 silly registry.get     'content-length': '52',
28 silly registry.get     'accept-ranges': 'bytes',
28 silly registry.get     via: '1.1 varnish',
28 silly registry.get     age: '0',
28 silly registry.get     'x-served-by': 'cache-lcy1131-LCY',
28 silly registry.get     'x-cache': 'MISS',
28 silly registry.get     'x-cache-hits': '0',
28 silly registry.get     'x-timer': 'S1412165318.764501,VS0,VE654',
28 silly registry.get     'keep-alive': 'timeout=10, max=50',
28 silly registry.get     connection: 'Keep-Alive' } ]
29 silly lockFile bf5f284d-mongodb-org mongodb-org@
30 silly lockFile bf5f284d-mongodb-org mongodb-org@
31 error 404 404 Not Found: mongodb-org
31 error 404
31 error 404 'mongodb-org' is not in the npm registry.
31 error 404 You should bug the author to publish it
31 error 404
31 error 404 Note that you can also install from a
31 error 404 tarball, folder, or http url, or git url.
32 error System Linux 3.13.0-36-generic
33 error command "/usr/bin/node" "/usr/bin/npm" "install" "--save" "mongodb-org"
34 error cwd /home/manuel/development/www/dashboard_tweet
35 error node -v v0.10.32
36 error npm -v 1.4.28
37 error code E404
38 verbose exit [ 1, true ]
